<?xml version="1.0" encoding="UTF-8"?>
<!-- Generated by org.testng.reporters.JUnitReportReporter -->
<testsuite hostname="DESKTOP-U2SEH9U" failures="0" tests="1" name="Pageobjmod.logntest" time="8.320" errors="0" timestamp="2024-12-09T18:28:11 IST" skipped="0">
  <testcase classname="Pageobjmod.logntest" name="testlogin" time="8.320"/>
  <system-out/>
</testsuite> <!-- Pageobjmod.logntest -->
