<?xml version="1.0" encoding="UTF-8"?>
<!-- Generated by org.testng.reporters.JUnitReportReporter -->
<testsuite hostname="DESKTOP-U2SEH9U" failures="0" tests="2" name="grpngtestng.Paymnttests" time="0.069" errors="0" timestamp="2024-12-06T15:37:28 IST" skipped="0">
  <testcase classname="grpngtestng.Paymnttests" name="Paymntinrups" time="0.060"/>
  <system-out/>
  <testcase classname="grpngtestng.Paymnttests" name="Paymntindollars" time="0.009"/>
  <system-out/>
</testsuite> <!-- grpngtestng.Paymnttests -->
