<?xml version="1.0" encoding="UTF-8"?>
<!-- Generated by org.testng.reporters.JUnitReportReporter -->
<testsuite hostname="DESKTOP-U2SEH9U" failures="0" tests="3" name="grpngtestng.loginTests" time="0.098" errors="0" timestamp="2024-12-06T15:31:54 IST" skipped="0">
  <testcase classname="grpngtestng.loginTests" name="loginByFacebuk" time="0.017"/>
  <system-out/>
  <testcase classname="grpngtestng.loginTests" name="loginByTwitter" time="0.006"/>
  <system-out/>
  <testcase classname="grpngtestng.loginTests" name="loginByEmail" time="0.075"/>
  <system-out/>
</testsuite> <!-- grpngtestng.loginTests -->
