<?xml version="1.0" encoding="UTF-8"?>
<!-- Generated by org.testng.reporters.JUnitReportReporter -->
<testsuite hostname="DESKTOP-U2SEH9U" failures="0" tests="2" name="day42.Annotationsdemo" time="0.086" errors="0" timestamp="2024-11-29T12:41:21 IST" skipped="0">
  <testcase classname="day42.Annotationsdemo" name="search" time="0.064"/>
  <system-out/>
  <testcase classname="day42.Annotationsdemo" name="advsearch" time="0.022"/>
  <system-out/>
</testsuite> <!-- day42.Annotationsdemo -->
