<?xml version="1.0" encoding="UTF-8"?>
<!-- Generated by org.testng.reporters.JUnitReportReporter -->
<testsuite hostname="DESKTOP-U2SEH9U" failures="0" tests="2" name="Day42testng.Myfirtestcase" time="0.008" errors="0" timestamp="2024-11-29T11:44:00 IST" skipped="0">
  <testcase classname="Day42testng.Myfirtestcase" name="appopen" time="0.004"/>
  <system-out/>
  <testcase classname="Day42testng.Myfirtestcase" name="logoutmode" time="0.004"/>
  <system-out/>
</testsuite> <!-- Day42testng.Myfirtestcase -->
