<?xml version="1.0" encoding="UTF-8"?>
<!-- Generated by org.testng.reporters.JUnitReportReporter -->
<testsuite hostname="DESKTOP-U2SEH9U" failures="0" tests="4" name="Day42testng.Orangehrmtestcase" time="67.567" errors="0" timestamp="2024-11-29T11:44:00 IST" skipped="0">
  <testcase classname="Day42testng.Orangehrmtestcase" name="openapp" time="40.691"/>
  <system-out/>
  <testcase classname="Day42testng.Orangehrmtestcase" name="logochk" time="5.289"/>
  <system-out/>
  <testcase classname="Day42testng.Orangehrmtestcase" name="login" time="3.161"/>
  <system-out/>
  <testcase classname="Day42testng.Orangehrmtestcase" name="close" time="18.426"/>
  <system-out/>
</testsuite> <!-- Day42testng.Orangehrmtestcase -->
