<?xml version="1.0" encoding="UTF-8"?>
<!-- Generated by org.testng.reporters.JUnitReportReporter -->
<testsuite hostname="DESKTOP-U2SEH9U" failures="0" tests="3" name="grpngtestng.SignupTests" time="0.015" errors="0" timestamp="2024-12-06T15:24:27 IST" skipped="0">
  <testcase classname="grpngtestng.SignupTests" name="SignupbyByFacebuk" time="0.004"/>
  <system-out/>
  <testcase classname="grpngtestng.SignupTests" name="SignupByEmail" time="0.006"/>
  <system-out/>
  <testcase classname="grpngtestng.SignupTests" name="SignupByTwitter" time="0.005"/>
  <system-out/>
</testsuite> <!-- grpngtestng.SignupTests -->
