<?xml version="1.0" encoding="UTF-8"?>
<!-- Generated by org.testng.reporters.JUnitReportReporter -->
<testsuite hostname="DESKTOP-U2SEH9U" failures="0" tests="2" name="day42.Befrclass" time="0.040" errors="0" timestamp="2024-11-29T12:57:38 IST" skipped="0">
  <testcase classname="day42.Befrclass" name="search" time="0.033"/>
  <system-out/>
  <testcase classname="day42.Befrclass" name="advsearch" time="0.007"/>
  <system-out/>
</testsuite> <!-- day42.Befrclass -->
